[01:54:05] [main/INFO]: Loading Minecraft 1.20.1 with Fabric Loader 0.16.3
[01:54:06] [main/INFO]: Loading 4 mods:
	- fabricloader 0.16.3
	   \-- mixinextras 0.4.1
	- java 17
	- minecraft 1.20.1
[01:54:06] [main/INFO]: SpongePowered MIXIN Subsystem Version=0.8.7 Source=file:/workspaces/server/servidor_minecraft/libraries/net/fabricmc/sponge-mixin/0.15.2+mixin.0.8.7/sponge-mixin-0.15.2+mixin.0.8.7.jar Service=Knot/Fabric Env=SERVER
[01:54:11] [main/INFO]: Environment: authHost='https://authserver.mojang.com', accountsHost='https://api.mojang.com', sessionHost='https://sessionserver.mojang.com', servicesHost='https://api.minecraftservices.com', name='PROD'
[01:54:12] [main/INFO]: Loaded 7 recipes
[01:54:12] [main/INFO]: Loaded 1271 advancements
[01:54:13] [Server thread/INFO]: Starting minecraft server version 1.20.1
[01:54:13] [Server thread/INFO]: Loading properties
[01:54:13] [Server thread/INFO]: Default game type: SURVIVAL
[01:54:13] [Server thread/INFO]: Generating keypair
[01:54:13] [Server thread/INFO]: Starting Minecraft server on *:25565
[01:54:13] [Server thread/INFO]: Using epoll channel type
[01:54:13] [Server thread/WARN]: **** SERVER IS RUNNING IN OFFLINE/INSECURE MODE!
[01:54:13] [Server thread/WARN]: The server will make no attempt to authenticate usernames. Beware.
[01:54:13] [Server thread/WARN]: While this makes the game possible to play without internet access, it also opens up the ability for hackers to connect with any username they choose.
[01:54:13] [Server thread/WARN]: To change this, set "online-mode" to "true" in the server.properties file.
[01:54:13] [Server thread/INFO]: Preparing level "world"
[01:54:16] [Server thread/INFO]: Preparing start region for dimension minecraft:overworld
[01:54:19] [Worker-Main-3/INFO]: Preparing spawn area: 0%
[01:54:19] [Worker-Main-3/INFO]: Preparing spawn area: 0%
[01:54:19] [Worker-Main-3/INFO]: Preparing spawn area: 0%
[01:54:19] [Worker-Main-3/INFO]: Preparing spawn area: 0%
[01:54:19] [Worker-Main-1/INFO]: Preparing spawn area: 0%
[01:54:19] [Worker-Main-1/INFO]: Preparing spawn area: 0%
[01:54:19] [Worker-Main-1/INFO]: Preparing spawn area: 0%
[01:54:19] [Worker-Main-1/INFO]: Preparing spawn area: 0%
[01:54:20] [Worker-Main-3/INFO]: Preparing spawn area: 23%
[01:54:20] [Server thread/INFO]: Time elapsed: 4410 ms
[01:54:20] [Server thread/INFO]: Done (7.087s)! For help, type "help"
